[handleMsg]:  {
  key: {
    remoteJid: '51947359622@s.whatsapp.net',
    fromMe: false,
    id: 'E8B323184BECF612E0',
    participant: undefined
  },
  messageTimestamp: 1725757607,
  pushName: 'Fernando Sevillano',
  broadcast: false,
  message: Message {
    extendedTextMessage: ExtendedTextMessage {
      text: 'Informacion del curso de Mecanica para Ingenieros',
      contextInfo: [ContextInfo]
    },
    messageContextInfo: MessageContextInfo {
      deviceListMetadata: [DeviceListMetadata],
      deviceListMetadataVersion: 2
    }
  },
  body: 'Informacion del curso de Mecanica para Ingenieros',
  from: '51947359622'
}
[QUEUE_SE_ENVIO]:  {
  ref: 'ans_8a7e7d7f-9135-44ff-9225-748044da7ca1',
  keyword: 'key_c0f48633-d5d9-4a15-921b-1c88d681b8f4',
  answer: '🙌 ¡Hola! Bienvenido a TOP 1 MATERIAL PUCP💯👌.',
  options: {
    media: null,
    buttons: [],
    capture: false,
    child: null,
    delay: 500,
    idle: null,
    ref: null,
    nested: [],
    keyword: {},
    callback: false
  },
  refSerialize: '30ec6b17c8a5a7ff4087506e1f53395b'
}
[QUEUE_SE_ENVIO]:  {
  ref: 'ans_419591ce-da5a-45fc-9a40-25d309afeb89',
  keyword: 'ans_8a7e7d7f-9135-44ff-9225-748044da7ca1',
  answer: 'Te comparto las siguientes opciones:\n' +
    '👉 Precio para conocer nuestras promociones\n' +
    '👉 Yape para saber el número de pago\n' +
    '👉 Finalizar para completar tu compra',
  options: {
    media: null,
    buttons: [],
    capture: true,
    child: null,
    delay: 500,
    idle: null,
    ref: null,
    nested: [],
    keyword: {},
    callback: true
  },
  refSerialize: '88ec94403d4bcae7391ba1ba01cec58d'
}
[handleMsg]:  {
  key: {
    remoteJid: '51947359622@s.whatsapp.net',
    fromMe: false,
    id: '091D00138D174C0A08',
    participant: undefined
  },
  messageTimestamp: 1725757618,
  pushName: 'Fernando Sevillano',
  broadcast: false,
  message: Message {
    extendedTextMessage: ExtendedTextMessage { text: 'Precio', contextInfo: [ContextInfo] },
    messageContextInfo: MessageContextInfo {
      deviceListMetadata: [DeviceListMetadata],
      deviceListMetadataVersion: 2
    }
  },
  body: 'Precio',
  from: '51947359622'
}
[QUEUE_SE_ENVIO]:  {
  ref: 'ans_ab3ea8ef-0e3d-4fbd-be03-9c045523e32c',
  keyword: 'ans_419591ce-da5a-45fc-9a40-25d309afeb89',
  answer: 'Nota: Por favor, utiliza solo las palabras clave mencionadas. Si necesitas más ayuda, comunícate con nosotros al +51 947 359 622.\n' +
    '\n' +
    'Si deseas volver al menú principal, escribe menu después de seleccionar una opción.',
  options: {
    media: null,
    buttons: [],
    capture: false,
    child: null,
    delay: 1000,
    idle: null,
    ref: null,
    nested: [],
    keyword: {},
    callback: false
  },
  refSerialize: 'bc3ac36ca47f319311b549c9c1a00b53'
}
[handleMsg]:  {
  key: {
    remoteJid: '51947359622@s.whatsapp.net',
    fromMe: false,
    id: '4087FEBDF1306F60A1',
    participant: undefined
  },
  messageTimestamp: 1725757630,
  pushName: 'Fernando Sevillano',
  broadcast: false,
  message: Message {
    extendedTextMessage: ExtendedTextMessage { text: 'menu', contextInfo: [ContextInfo] },
    messageContextInfo: MessageContextInfo {
      deviceListMetadata: [DeviceListMetadata],
      deviceListMetadataVersion: 2
    }
  },
  body: 'menu',
  from: '51947359622'
}
[QUEUE_SE_ENVIO]:  {
  ref: 'ans_8a7e7d7f-9135-44ff-9225-748044da7ca1',
  keyword: 'key_c0f48633-d5d9-4a15-921b-1c88d681b8f4',
  answer: '🙌 ¡Hola! Bienvenido a TOP 1 MATERIAL PUCP💯👌.',
  options: {
    media: null,
    buttons: [],
    capture: false,
    child: null,
    delay: 500,
    idle: null,
    ref: null,
    nested: [],
    keyword: {},
    callback: false
  },
  refSerialize: '30ec6b17c8a5a7ff4087506e1f53395b'
}
[QUEUE_SE_ENVIO]:  {
  ref: 'ans_419591ce-da5a-45fc-9a40-25d309afeb89',
  keyword: 'ans_8a7e7d7f-9135-44ff-9225-748044da7ca1',
  answer: 'Te comparto las siguientes opciones:\n' +
    '👉 Precio para conocer nuestras promociones\n' +
    '👉 Yape para saber el número de pago\n' +
    '👉 Finalizar para completar tu compra',
  options: {
    media: null,
    buttons: [],
    capture: true,
    child: null,
    delay: 500,
    idle: null,
    ref: null,
    nested: [],
    keyword: {},
    callback: true
  },
  refSerialize: '88ec94403d4bcae7391ba1ba01cec58d'
}
[handleMsg]:  {
  key: {
    remoteJid: '51947359622@s.whatsapp.net',
    fromMe: false,
    id: '3DB3210DAE59AC5415',
    participant: undefined
  },
  messageTimestamp: 1725757635,
  pushName: 'Fernando Sevillano',
  broadcast: false,
  message: Message {
    extendedTextMessage: ExtendedTextMessage { text: 'Yape', contextInfo: [ContextInfo] },
    messageContextInfo: MessageContextInfo {
      deviceListMetadata: [DeviceListMetadata],
      deviceListMetadataVersion: 2
    }
  },
  body: 'Yape',
  from: '51947359622'
}
[QUEUE_SE_ENVIO]:  {
  ref: 'ans_ab3ea8ef-0e3d-4fbd-be03-9c045523e32c',
  keyword: 'ans_419591ce-da5a-45fc-9a40-25d309afeb89',
  answer: 'Nota: Por favor, utiliza solo las palabras clave mencionadas. Si necesitas más ayuda, comunícate con nosotros al +51 947 359 622.\n' +
    '\n' +
    'Si deseas volver al menú principal, escribe menu después de seleccionar una opción.',
  options: {
    media: null,
    buttons: [],
    capture: false,
    child: null,
    delay: 1000,
    idle: null,
    ref: null,
    nested: [],
    keyword: {},
    callback: false
  },
  refSerialize: 'bc3ac36ca47f319311b549c9c1a00b53'
}
[handleMsg]:  {
  key: {
    remoteJid: '51947359622@s.whatsapp.net',
    fromMe: false,
    id: '8B929AD38414E72504',
    participant: undefined
  },
  messageTimestamp: 1725757640,
  pushName: 'Fernando Sevillano',
  broadcast: false,
  message: Message {
    extendedTextMessage: ExtendedTextMessage { text: 'menu', contextInfo: [ContextInfo] },
    messageContextInfo: MessageContextInfo {
      deviceListMetadata: [DeviceListMetadata],
      deviceListMetadataVersion: 2
    }
  },
  body: 'menu',
  from: '51947359622'
}
[QUEUE_SE_ENVIO]:  {
  ref: 'ans_8a7e7d7f-9135-44ff-9225-748044da7ca1',
  keyword: 'key_c0f48633-d5d9-4a15-921b-1c88d681b8f4',
  answer: '🙌 ¡Hola! Bienvenido a TOP 1 MATERIAL PUCP💯👌.',
  options: {
    media: null,
    buttons: [],
    capture: false,
    child: null,
    delay: 500,
    idle: null,
    ref: null,
    nested: [],
    keyword: {},
    callback: false
  },
  refSerialize: '30ec6b17c8a5a7ff4087506e1f53395b'
}
[QUEUE_SE_ENVIO]:  {
  ref: 'ans_419591ce-da5a-45fc-9a40-25d309afeb89',
  keyword: 'ans_8a7e7d7f-9135-44ff-9225-748044da7ca1',
  answer: 'Te comparto las siguientes opciones:\n' +
    '👉 Precio para conocer nuestras promociones\n' +
    '👉 Yape para saber el número de pago\n' +
    '👉 Finalizar para completar tu compra',
  options: {
    media: null,
    buttons: [],
    capture: true,
    child: null,
    delay: 500,
    idle: null,
    ref: null,
    nested: [],
    keyword: {},
    callback: true
  },
  refSerialize: '88ec94403d4bcae7391ba1ba01cec58d'
}
[handleMsg]:  {
  key: {
    remoteJid: '51947359622@s.whatsapp.net',
    fromMe: false,
    id: 'AAD5109D4D1F7E2BAF',
    participant: undefined
  },
  messageTimestamp: 1725757648,
  pushName: 'Fernando Sevillano',
  broadcast: false,
  message: Message {
    extendedTextMessage: ExtendedTextMessage {
      text: 'Finalizar',
      contextInfo: [ContextInfo]
    },
    messageContextInfo: MessageContextInfo {
      deviceListMetadata: [DeviceListMetadata],
      deviceListMetadataVersion: 2
    }
  },
  body: 'Finalizar',
  from: '51947359622'
}
[QUEUE_SE_ENVIO]:  {
  ref: 'ans_ab3ea8ef-0e3d-4fbd-be03-9c045523e32c',
  keyword: 'ans_419591ce-da5a-45fc-9a40-25d309afeb89',
  answer: 'Nota: Por favor, utiliza solo las palabras clave mencionadas. Si necesitas más ayuda, comunícate con nosotros al +51 947 359 622.\n' +
    '\n' +
    'Si deseas volver al menú principal, escribe menu después de seleccionar una opción.',
  options: {
    media: null,
    buttons: [],
    capture: false,
    child: null,
    delay: 1000,
    idle: null,
    ref: null,
    nested: [],
    keyword: {},
    callback: false
  },
  refSerialize: 'bc3ac36ca47f319311b549c9c1a00b53'
}
[handleMsg]:  {
  key: {
    remoteJid: '51947359622@s.whatsapp.net',
    fromMe: false,
    id: 'D2A94D09A6B4C1B3B2',
    participant: undefined
  },
  messageTimestamp: 1725757662,
  pushName: 'Fernando Sevillano',
  broadcast: false,
  message: Message {
    extendedTextMessage: ExtendedTextMessage { text: 'Gracias', contextInfo: [ContextInfo] },
    messageContextInfo: MessageContextInfo {
      deviceListMetadata: [DeviceListMetadata],
      deviceListMetadataVersion: 2
    }
  },
  body: 'Gracias',
  from: '51947359622'
}
[QUEUE_SE_ENVIO]:  {
  ref: 'ans_8a7e7d7f-9135-44ff-9225-748044da7ca1',
  keyword: 'key_c0f48633-d5d9-4a15-921b-1c88d681b8f4',
  answer: '🙌 ¡Hola! Bienvenido a TOP 1 MATERIAL PUCP💯👌.',
  options: {
    media: null,
    buttons: [],
    capture: false,
    child: null,
    delay: 500,
    idle: null,
    ref: null,
    nested: [],
    keyword: {},
    callback: false
  },
  refSerialize: '30ec6b17c8a5a7ff4087506e1f53395b'
}
[QUEUE_SE_ENVIO]:  {
  ref: 'ans_419591ce-da5a-45fc-9a40-25d309afeb89',
  keyword: 'ans_8a7e7d7f-9135-44ff-9225-748044da7ca1',
  answer: 'Te comparto las siguientes opciones:\n' +
    '👉 Precio para conocer nuestras promociones\n' +
    '👉 Yape para saber el número de pago\n' +
    '👉 Finalizar para completar tu compra',
  options: {
    media: null,
    buttons: [],
    capture: true,
    child: null,
    delay: 500,
    idle: null,
    ref: null,
    nested: [],
    keyword: {},
    callback: true
  },
  refSerialize: '88ec94403d4bcae7391ba1ba01cec58d'
}
